2025-04-05 01:31:42,371 INFO  [background-preinit] o.h.v.i.u.Version: HV000001: Hibernate Validator 8.0.1.Final
2025-04-05 01:31:42,397 INFO  [main] o.s.b.StartupInfoLogger: Starting EmployeeMgrApplication using Java 23.0.2 with PID 58226 (/Users/anton_l/dev/cursor/proj/employee-mgr/target/classes started by anton_l in /Users/anton_l/dev/cursor/proj/employee-mgr)
2025-04-05 01:31:42,398 DEBUG [main] o.s.b.StartupInfoLogger: Running with Spring Boot v3.2.3, Spring v6.1.4
2025-04-05 01:31:42,398 INFO  [main] o.s.b.SpringApplication: No active profile set, falling back to 1 default profile: "default"
2025-04-05 01:31:42,761 INFO  [main] o.s.d.r.c.RepositoryConfigurationDelegate: Bootstrapping Spring Data JPA repositories in DEFAULT mode.
2025-04-05 01:31:42,794 INFO  [main] o.s.d.r.c.RepositoryConfigurationDelegate: Finished Spring Data repository scanning in 28 ms. Found 2 JPA repository interfaces.
2025-04-05 01:31:43,108 INFO  [main] o.s.b.w.e.t.TomcatWebServer: Tomcat initialized with port 8080 (http)
2025-04-05 01:31:43,115 INFO  [main] o.a.j.l.DirectJDKLog: Initializing ProtocolHandler ["http-nio-8080"]
2025-04-05 01:31:43,117 INFO  [main] o.a.j.l.DirectJDKLog: Starting service [Tomcat]
2025-04-05 01:31:43,117 INFO  [main] o.a.j.l.DirectJDKLog: Starting Servlet engine: [Apache Tomcat/10.1.19]
2025-04-05 01:31:43,152 INFO  [main] o.a.j.l.DirectJDKLog: Initializing Spring embedded WebApplicationContext
2025-04-05 01:31:43,152 INFO  [main] o.s.b.w.s.c.ServletWebServerApplicationContext: Root WebApplicationContext: initialization completed in 723 ms
2025-04-05 01:31:43,186 INFO  [main] c.e.e.c.SQLiteConfig: Using database file: /Users/anton_l/dev/cursor/proj/employee-mgr/./data/employee-mgr.db
2025-04-05 01:31:43,226 INFO  [main] o.h.j.i.u.LogHelper: HHH000204: Processing PersistenceUnitInfo [name: default]
2025-04-05 01:31:43,257 INFO  [main] o.h.Version: HHH000412: Hibernate ORM core version 6.4.4.Final
2025-04-05 01:31:43,277 INFO  [main] o.h.c.i.RegionFactoryInitiator: HHH000026: Second-level cache disabled
2025-04-05 01:31:43,419 INFO  [main] o.s.o.j.p.SpringPersistenceUnitInfo: No LoadTimeWeaver setup: ignoring JPA class transformer
2025-04-05 01:31:44,383 INFO  [main] o.h.e.t.j.p.i.JtaPlatformInitiator: HHH000489: No JTA platform available (set 'hibernate.transaction.jta.platform' to enable JTA platform integration)
2025-04-05 01:31:44,402 INFO  [main] o.s.o.j.AbstractEntityManagerFactoryBean: Initialized JPA EntityManagerFactory for persistence unit 'default'
2025-04-05 01:31:44,685 WARN  [main] o.s.b.a.o.j.JpaBaseConfiguration$JpaWebConfiguration: spring.jpa.open-in-view is enabled by default. Therefore, database queries may be performed during view rendering. Explicitly configure spring.jpa.open-in-view to disable this warning
2025-04-05 01:31:44,700 INFO  [main] o.s.b.a.w.s.WelcomePageHandlerMapping: Adding welcome page template: index
2025-04-05 01:31:44,894 INFO  [main] o.a.j.l.DirectJDKLog: Starting ProtocolHandler ["http-nio-8080"]
2025-04-05 01:31:44,911 WARN  [main] o.s.c.s.AbstractApplicationContext: Exception encountered during context initialization - cancelling refresh attempt: org.springframework.context.ApplicationContextException: Failed to start bean 'webServerStartStop'
2025-04-05 01:31:44,912 INFO  [main] o.s.o.j.AbstractEntityManagerFactoryBean: Closing JPA EntityManagerFactory for persistence unit 'default'
2025-04-05 01:31:44,922 INFO  [main] o.s.b.a.l.ConditionEvaluationReportLogger: 

Error starting ApplicationContext. To display the condition evaluation report re-run your application with 'debug' enabled.
2025-04-05 01:31:44,931 ERROR [main] o.s.b.d.LoggingFailureAnalysisReporter: 

***************************
APPLICATION FAILED TO START
***************************

Description:

Web server failed to start. Port 8080 was already in use.

Action:

Identify and stop the process that's listening on port 8080 or configure this application to listen on another port.

2025-04-05 01:32:36,222 INFO  [background-preinit] o.h.v.i.u.Version: HV000001: Hibernate Validator 8.0.1.Final
2025-04-05 01:32:36,254 INFO  [main] o.s.b.StartupInfoLogger: Starting EmployeeMgrApplication using Java 23.0.2 with PID 58514 (/Users/anton_l/dev/cursor/proj/employee-mgr/target/classes started by anton_l in /Users/anton_l/dev/cursor/proj/employee-mgr)
2025-04-05 01:32:36,254 DEBUG [main] o.s.b.StartupInfoLogger: Running with Spring Boot v3.2.3, Spring v6.1.4
2025-04-05 01:32:36,255 INFO  [main] o.s.b.SpringApplication: No active profile set, falling back to 1 default profile: "default"
2025-04-05 01:32:36,937 INFO  [main] o.s.d.r.c.RepositoryConfigurationDelegate: Bootstrapping Spring Data JPA repositories in DEFAULT mode.
2025-04-05 01:32:36,987 INFO  [main] o.s.d.r.c.RepositoryConfigurationDelegate: Finished Spring Data repository scanning in 44 ms. Found 2 JPA repository interfaces.
2025-04-05 01:32:37,338 INFO  [main] o.s.b.w.e.t.TomcatWebServer: Tomcat initialized with port 8080 (http)
2025-04-05 01:32:37,346 INFO  [main] o.a.j.l.DirectJDKLog: Initializing ProtocolHandler ["http-nio-8080"]
2025-04-05 01:32:37,349 INFO  [main] o.a.j.l.DirectJDKLog: Starting service [Tomcat]
2025-04-05 01:32:37,349 INFO  [main] o.a.j.l.DirectJDKLog: Starting Servlet engine: [Apache Tomcat/10.1.19]
2025-04-05 01:32:37,385 INFO  [main] o.a.j.l.DirectJDKLog: Initializing Spring embedded WebApplicationContext
2025-04-05 01:32:37,385 INFO  [main] o.s.b.w.s.c.ServletWebServerApplicationContext: Root WebApplicationContext: initialization completed in 1090 ms
2025-04-05 01:32:37,423 INFO  [main] c.e.e.c.SQLiteConfig: Using database file: /Users/anton_l/dev/cursor/proj/employee-mgr/./data/employee-mgr.db
2025-04-05 01:32:37,475 INFO  [main] o.h.j.i.u.LogHelper: HHH000204: Processing PersistenceUnitInfo [name: default]
2025-04-05 01:32:37,518 INFO  [main] o.h.Version: HHH000412: Hibernate ORM core version 6.4.4.Final
2025-04-05 01:32:37,543 INFO  [main] o.h.c.i.RegionFactoryInitiator: HHH000026: Second-level cache disabled
2025-04-05 01:32:37,718 INFO  [main] o.s.o.j.p.SpringPersistenceUnitInfo: No LoadTimeWeaver setup: ignoring JPA class transformer
2025-04-05 01:32:38,752 INFO  [main] o.h.e.t.j.p.i.JtaPlatformInitiator: HHH000489: No JTA platform available (set 'hibernate.transaction.jta.platform' to enable JTA platform integration)
2025-04-05 01:32:38,776 INFO  [main] o.s.o.j.AbstractEntityManagerFactoryBean: Initialized JPA EntityManagerFactory for persistence unit 'default'
2025-04-05 01:32:39,091 WARN  [main] o.s.b.a.o.j.JpaBaseConfiguration$JpaWebConfiguration: spring.jpa.open-in-view is enabled by default. Therefore, database queries may be performed during view rendering. Explicitly configure spring.jpa.open-in-view to disable this warning
2025-04-05 01:32:39,107 INFO  [main] o.s.b.a.w.s.WelcomePageHandlerMapping: Adding welcome page template: index
2025-04-05 01:32:39,304 INFO  [main] o.a.j.l.DirectJDKLog: Starting ProtocolHandler ["http-nio-8080"]
2025-04-05 01:32:39,325 INFO  [main] o.s.b.w.e.t.TomcatWebServer: Tomcat started on port 8080 (http) with context path ''
2025-04-05 01:32:39,332 INFO  [main] o.s.b.StartupInfoLogger: Started EmployeeMgrApplication in 3.427 seconds (process running for 3.704)
2025-04-05 01:32:49,031 INFO  [http-nio-8080-exec-1] o.a.j.l.DirectJDKLog: Initializing Spring DispatcherServlet 'dispatcherServlet'
2025-04-05 01:32:49,032 INFO  [http-nio-8080-exec-1] o.s.w.s.FrameworkServlet: Initializing Servlet 'dispatcherServlet'
2025-04-05 01:32:49,033 INFO  [http-nio-8080-exec-1] o.s.w.s.FrameworkServlet: Completed initialization in 1 ms
2025-04-05 01:32:49,064 INFO  [http-nio-8080-exec-1] c.e.e.c.WebController: Fetching all employees
2025-04-05 01:32:49,065 DEBUG [http-nio-8080-exec-1] c.e.e.s.EmployeeService: Fetching all employees from database
2025-04-05 01:32:49,159 DEBUG [http-nio-8080-exec-1] c.e.e.s.EmployeeService: Found 2 employees
2025-04-05 01:32:49,280 WARN  [http-nio-8080-exec-1] o.t.s.p.AbstractStandardFragmentInsertionTagProcessor: [THYMELEAF][http-nio-8080-exec-1][index] Deprecated unwrapped fragment expression "fragments/layout :: head" found in template index, line 3, col 7. Please use the complete syntax of fragment expressions instead ("~{fragments/layout :: head}"). The old, unwrapped syntax for fragment expressions will be removed in future versions of Thymeleaf.
2025-04-05 01:32:49,351 WARN  [http-nio-8080-exec-1] o.t.s.p.AbstractStandardFragmentInsertionTagProcessor: [THYMELEAF][http-nio-8080-exec-1][index] Deprecated unwrapped fragment expression "fragments/layout :: menu" found in template index, line 6, col 10. Please use the complete syntax of fragment expressions instead ("~{fragments/layout :: menu}"). The old, unwrapped syntax for fragment expressions will be removed in future versions of Thymeleaf.
2025-04-05 01:32:51,226 INFO  [http-nio-8080-exec-3] c.e.e.c.WebController: Fetching all employees
2025-04-05 01:32:51,227 DEBUG [http-nio-8080-exec-3] c.e.e.s.EmployeeService: Fetching all employees from database
2025-04-05 01:32:51,232 DEBUG [http-nio-8080-exec-3] c.e.e.s.EmployeeService: Found 2 employees
2025-04-05 01:32:51,233 WARN  [http-nio-8080-exec-3] o.t.s.p.AbstractStandardFragmentInsertionTagProcessor: [THYMELEAF][http-nio-8080-exec-3][index] Deprecated unwrapped fragment expression "fragments/layout :: head" found in template index, line 3, col 7. Please use the complete syntax of fragment expressions instead ("~{fragments/layout :: head}"). The old, unwrapped syntax for fragment expressions will be removed in future versions of Thymeleaf.
2025-04-05 01:32:51,235 WARN  [http-nio-8080-exec-3] o.t.s.p.AbstractStandardFragmentInsertionTagProcessor: [THYMELEAF][http-nio-8080-exec-3][index] Deprecated unwrapped fragment expression "fragments/layout :: menu" found in template index, line 6, col 10. Please use the complete syntax of fragment expressions instead ("~{fragments/layout :: menu}"). The old, unwrapped syntax for fragment expressions will be removed in future versions of Thymeleaf.
2025-04-05 01:32:52,759 INFO  [http-nio-8080-exec-6] c.e.e.c.WebController: Fetching all employees
2025-04-05 01:32:52,762 DEBUG [http-nio-8080-exec-6] c.e.e.s.EmployeeService: Fetching all employees from database
2025-04-05 01:32:52,767 DEBUG [http-nio-8080-exec-6] c.e.e.s.EmployeeService: Found 2 employees
2025-04-05 01:32:52,769 WARN  [http-nio-8080-exec-6] o.t.s.p.AbstractStandardFragmentInsertionTagProcessor: [THYMELEAF][http-nio-8080-exec-6][index] Deprecated unwrapped fragment expression "fragments/layout :: head" found in template index, line 3, col 7. Please use the complete syntax of fragment expressions instead ("~{fragments/layout :: head}"). The old, unwrapped syntax for fragment expressions will be removed in future versions of Thymeleaf.
2025-04-05 01:32:52,771 WARN  [http-nio-8080-exec-6] o.t.s.p.AbstractStandardFragmentInsertionTagProcessor: [THYMELEAF][http-nio-8080-exec-6][index] Deprecated unwrapped fragment expression "fragments/layout :: menu" found in template index, line 6, col 10. Please use the complete syntax of fragment expressions instead ("~{fragments/layout :: menu}"). The old, unwrapped syntax for fragment expressions will be removed in future versions of Thymeleaf.
2025-04-05 01:32:56,826 DEBUG [http-nio-8080-exec-9] c.e.e.s.EmployeeService: Fetching all employees from database
2025-04-05 01:32:56,831 DEBUG [http-nio-8080-exec-9] c.e.e.s.EmployeeService: Found 2 employees
2025-04-05 01:32:56,833 WARN  [http-nio-8080-exec-9] o.t.s.p.AbstractStandardFragmentInsertionTagProcessor: [THYMELEAF][http-nio-8080-exec-9][administration] Deprecated unwrapped fragment expression "fragments/layout :: head" found in template administration, line 3, col 7. Please use the complete syntax of fragment expressions instead ("~{fragments/layout :: head}"). The old, unwrapped syntax for fragment expressions will be removed in future versions of Thymeleaf.
2025-04-05 01:32:56,835 WARN  [http-nio-8080-exec-9] o.t.s.p.AbstractStandardFragmentInsertionTagProcessor: [THYMELEAF][http-nio-8080-exec-9][administration] Deprecated unwrapped fragment expression "fragments/layout :: menu" found in template administration, line 6, col 10. Please use the complete syntax of fragment expressions instead ("~{fragments/layout :: menu}"). The old, unwrapped syntax for fragment expressions will be removed in future versions of Thymeleaf.
2025-04-05 01:33:01,187 DEBUG [http-nio-8080-exec-10] c.e.e.c.WebController: Processing delete request for employee ID: 2
2025-04-05 01:33:01,188 DEBUG [http-nio-8080-exec-10] c.e.e.s.EmployeeService: Fetching employee with ID: 2
2025-04-05 01:33:01,199 DEBUG [http-nio-8080-exec-10] c.e.e.s.EmployeeService: Deleting employee with ID: 2
2025-04-05 01:33:01,241 INFO  [http-nio-8080-exec-10] c.e.e.s.EmployeeService: Successfully deleted employee with ID: 2
2025-04-05 01:33:01,241 INFO  [http-nio-8080-exec-10] c.e.e.c.WebController: Successfully deleted employee with ID: 2
2025-04-05 01:33:01,249 INFO  [http-nio-8080-exec-1] c.e.e.c.WebController: Fetching all employees
2025-04-05 01:33:01,249 DEBUG [http-nio-8080-exec-1] c.e.e.s.EmployeeService: Fetching all employees from database
2025-04-05 01:33:01,252 DEBUG [http-nio-8080-exec-1] c.e.e.s.EmployeeService: Found 1 employees
2025-04-05 01:33:01,254 WARN  [http-nio-8080-exec-1] o.t.s.p.AbstractStandardFragmentInsertionTagProcessor: [THYMELEAF][http-nio-8080-exec-1][index] Deprecated unwrapped fragment expression "fragments/layout :: head" found in template index, line 3, col 7. Please use the complete syntax of fragment expressions instead ("~{fragments/layout :: head}"). The old, unwrapped syntax for fragment expressions will be removed in future versions of Thymeleaf.
2025-04-05 01:33:01,257 WARN  [http-nio-8080-exec-1] o.t.s.p.AbstractStandardFragmentInsertionTagProcessor: [THYMELEAF][http-nio-8080-exec-1][index] Deprecated unwrapped fragment expression "fragments/layout :: menu" found in template index, line 6, col 10. Please use the complete syntax of fragment expressions instead ("~{fragments/layout :: menu}"). The old, unwrapped syntax for fragment expressions will be removed in future versions of Thymeleaf.
2025-04-05 01:33:05,038 INFO  [http-nio-8080-exec-5] c.e.e.c.WebController: Fetching all employees
2025-04-05 01:33:05,038 DEBUG [http-nio-8080-exec-5] c.e.e.s.EmployeeService: Fetching all employees from database
2025-04-05 01:33:05,042 DEBUG [http-nio-8080-exec-5] c.e.e.s.EmployeeService: Found 1 employees
2025-04-05 01:33:05,044 WARN  [http-nio-8080-exec-5] o.t.s.p.AbstractStandardFragmentInsertionTagProcessor: [THYMELEAF][http-nio-8080-exec-5][index] Deprecated unwrapped fragment expression "fragments/layout :: head" found in template index, line 3, col 7. Please use the complete syntax of fragment expressions instead ("~{fragments/layout :: head}"). The old, unwrapped syntax for fragment expressions will be removed in future versions of Thymeleaf.
2025-04-05 01:33:05,045 WARN  [http-nio-8080-exec-5] o.t.s.p.AbstractStandardFragmentInsertionTagProcessor: [THYMELEAF][http-nio-8080-exec-5][index] Deprecated unwrapped fragment expression "fragments/layout :: menu" found in template index, line 6, col 10. Please use the complete syntax of fragment expressions instead ("~{fragments/layout :: menu}"). The old, unwrapped syntax for fragment expressions will be removed in future versions of Thymeleaf.
2025-04-05 01:33:06,081 DEBUG [http-nio-8080-exec-6] c.e.e.s.EmployeeService: Fetching all employees from database
2025-04-05 01:33:06,086 DEBUG [http-nio-8080-exec-6] c.e.e.s.EmployeeService: Found 1 employees
2025-04-05 01:33:06,089 WARN  [http-nio-8080-exec-6] o.t.s.p.AbstractStandardFragmentInsertionTagProcessor: [THYMELEAF][http-nio-8080-exec-6][administration] Deprecated unwrapped fragment expression "fragments/layout :: head" found in template administration, line 3, col 7. Please use the complete syntax of fragment expressions instead ("~{fragments/layout :: head}"). The old, unwrapped syntax for fragment expressions will be removed in future versions of Thymeleaf.
2025-04-05 01:33:06,090 WARN  [http-nio-8080-exec-6] o.t.s.p.AbstractStandardFragmentInsertionTagProcessor: [THYMELEAF][http-nio-8080-exec-6][administration] Deprecated unwrapped fragment expression "fragments/layout :: menu" found in template administration, line 6, col 10. Please use the complete syntax of fragment expressions instead ("~{fragments/layout :: menu}"). The old, unwrapped syntax for fragment expressions will be removed in future versions of Thymeleaf.
2025-04-05 01:33:07,860 INFO  [http-nio-8080-exec-9] c.e.e.c.WebController: Fetching all employees
2025-04-05 01:33:07,861 DEBUG [http-nio-8080-exec-9] c.e.e.s.EmployeeService: Fetching all employees from database
2025-04-05 01:33:07,865 DEBUG [http-nio-8080-exec-9] c.e.e.s.EmployeeService: Found 1 employees
2025-04-05 01:33:07,868 WARN  [http-nio-8080-exec-9] o.t.s.p.AbstractStandardFragmentInsertionTagProcessor: [THYMELEAF][http-nio-8080-exec-9][index] Deprecated unwrapped fragment expression "fragments/layout :: head" found in template index, line 3, col 7. Please use the complete syntax of fragment expressions instead ("~{fragments/layout :: head}"). The old, unwrapped syntax for fragment expressions will be removed in future versions of Thymeleaf.
2025-04-05 01:33:07,870 WARN  [http-nio-8080-exec-9] o.t.s.p.AbstractStandardFragmentInsertionTagProcessor: [THYMELEAF][http-nio-8080-exec-9][index] Deprecated unwrapped fragment expression "fragments/layout :: menu" found in template index, line 6, col 10. Please use the complete syntax of fragment expressions instead ("~{fragments/layout :: menu}"). The old, unwrapped syntax for fragment expressions will be removed in future versions of Thymeleaf.
2025-04-05 01:33:09,110 DEBUG [http-nio-8080-exec-10] c.e.e.s.EmployeeService: Fetching employee with ID: 1
2025-04-05 01:33:09,140 WARN  [http-nio-8080-exec-10] o.t.s.p.AbstractStandardFragmentInsertionTagProcessor: [THYMELEAF][http-nio-8080-exec-10][employee-info] Deprecated unwrapped fragment expression "fragments/layout :: head" found in template employee-info, line 3, col 7. Please use the complete syntax of fragment expressions instead ("~{fragments/layout :: head}"). The old, unwrapped syntax for fragment expressions will be removed in future versions of Thymeleaf.
2025-04-05 01:33:09,141 WARN  [http-nio-8080-exec-10] o.t.s.p.AbstractStandardFragmentInsertionTagProcessor: [THYMELEAF][http-nio-8080-exec-10][employee-info] Deprecated unwrapped fragment expression "fragments/layout :: menu" found in template employee-info, line 6, col 10. Please use the complete syntax of fragment expressions instead ("~{fragments/layout :: menu}"). The old, unwrapped syntax for fragment expressions will be removed in future versions of Thymeleaf.
